<?xml version="1.0" encoding="UTF-8"?>
<testng-results skipped="0" failed="0" ignored="0" total="1" passed="1">
  <reporter-output>
  </reporter-output>
  <suite name="Default suite" duration-ms="10440" started-at="2020-07-17T22:48:52 EDT" finished-at="2020-07-17T22:49:02 EDT">
    <groups>
    </groups>
    <test name="Default test" duration-ms="10440" started-at="2020-07-17T22:48:52 EDT" finished-at="2020-07-17T22:49:02 EDT">
      <class name="MyFramwork.Facebook.FbSignInTest">
        <test-method status="PASS" signature="basePageNavigation()[pri:0, instance:MyFramwork.Facebook.FbSignInTest@a7e666]" name="basePageNavigation" duration-ms="10388" started-at="2020-07-17T22:48:52 EDT" finished-at="2020-07-17T22:49:02 EDT">
          <reporter-output>
          </reporter-output>
        </test-method> <!-- basePageNavigation -->
      </class> <!-- MyFramwork.Facebook.FbSignInTest -->
    </test> <!-- Default test -->
  </suite> <!-- Default suite -->
</testng-results>
